The system is: Darwin - 16.7.0 - x86_64
Compiling the C compiler identification source file "CMakeCCompilerId.c" succeeded.
Compiler: /opt/local/bin/gcc 
Build flags: 
Id flags:  

The output was:
0


Compilation of the C compiler identification source "CMakeCCompilerId.c" produced "a.out"

The C compiler identification is GNU, found in "/Users/jbobin/Documents/Python/LENA_DEVL/Toolbox/pyWrappers/MacWrappers/pystarlet_manifold/build/BoostNumpy-prefix/src/BoostNumpy-build/CMakeFiles/3.9.5/CompilerIdC/a.out"

Compiling the CXX compiler identification source file "CMakeCXXCompilerId.cpp" succeeded.
Compiler: /opt/local/bin/g++ 
Build flags: 
Id flags:  

The output was:
0


Compilation of the CXX compiler identification source "CMakeCXXCompilerId.cpp" produced "a.out"

The CXX compiler identification is GNU, found in "/Users/jbobin/Documents/Python/LENA_DEVL/Toolbox/pyWrappers/MacWrappers/pystarlet_manifold/build/BoostNumpy-prefix/src/BoostNumpy-build/CMakeFiles/3.9.5/CompilerIdCXX/a.out"

Determining if the C compiler works passed with the following output:
Change Dir: /Users/jbobin/Documents/Python/LENA_DEVL/Toolbox/pyWrappers/MacWrappers/pystarlet_manifold/build/BoostNumpy-prefix/src/BoostNumpy-build/CMakeFiles/CMakeTmp

Run Build Command:"/usr/bin/make" "cmTC_771b6/fast"
/Applications/Xcode.app/Contents/Developer/usr/bin/make -f CMakeFiles/cmTC_771b6.dir/build.make CMakeFiles/cmTC_771b6.dir/build
Building C object CMakeFiles/cmTC_771b6.dir/testCCompiler.c.o
/opt/local/bin/gcc    -o CMakeFiles/cmTC_771b6.dir/testCCompiler.c.o   -c /Users/jbobin/Documents/Python/LENA_DEVL/Toolbox/pyWrappers/MacWrappers/pystarlet_manifold/build/BoostNumpy-prefix/src/BoostNumpy-build/CMakeFiles/CMakeTmp/testCCompiler.c
Linking C executable cmTC_771b6
/opt/local/bin/cmake -E cmake_link_script CMakeFiles/cmTC_771b6.dir/link.txt --verbose=1
/opt/local/bin/gcc   -Wl,-search_paths_first -Wl,-headerpad_max_install_names   CMakeFiles/cmTC_771b6.dir/testCCompiler.c.o  -o cmTC_771b6 


Detecting C compiler ABI info compiled with the following output:
Change Dir: /Users/jbobin/Documents/Python/LENA_DEVL/Toolbox/pyWrappers/MacWrappers/pystarlet_manifold/build/BoostNumpy-prefix/src/BoostNumpy-build/CMakeFiles/CMakeTmp

Run Build Command:"/usr/bin/make" "cmTC_9419f/fast"
/Applications/Xcode.app/Contents/Developer/usr/bin/make -f CMakeFiles/cmTC_9419f.dir/build.make CMakeFiles/cmTC_9419f.dir/build
Building C object CMakeFiles/cmTC_9419f.dir/CMakeCCompilerABI.c.o
/opt/local/bin/gcc    -o CMakeFiles/cmTC_9419f.dir/CMakeCCompilerABI.c.o   -c /opt/local/share/cmake-3.9/Modules/CMakeCCompilerABI.c
Linking C executable cmTC_9419f
/opt/local/bin/cmake -E cmake_link_script CMakeFiles/cmTC_9419f.dir/link.txt --verbose=1
/opt/local/bin/gcc   -Wl,-search_paths_first -Wl,-headerpad_max_install_names  -v -Wl,-v CMakeFiles/cmTC_9419f.dir/CMakeCCompilerABI.c.o  -o cmTC_9419f 
Using built-in specs.
COLLECT_GCC=/opt/local/bin/gcc
COLLECT_LTO_WRAPPER=/opt/local/libexec/gcc/x86_64-apple-darwin16/4.9.4/lto-wrapper
Target: x86_64-apple-darwin16
Configured with: /opt/local/var/macports/build/_opt_bblocal_var_buildworker_ports_build_ports_lang_gcc49/gcc49/work/gcc-4.9.4/configure --prefix=/opt/local --build=x86_64-apple-darwin16 --enable-languages=c,c++,objc,obj-c++,lto,fortran,java --libdir=/opt/local/lib/gcc49 --includedir=/opt/local/include/gcc49 --infodir=/opt/local/share/info --mandir=/opt/local/share/man --datarootdir=/opt/local/share/gcc-4.9 --with-local-prefix=/opt/local --with-system-zlib --disable-nls --program-suffix=-mp-4.9 --with-gxx-include-dir=/opt/local/include/gcc49/c++/ --with-gmp=/opt/local --with-mpfr=/opt/local --with-mpc=/opt/local --with-isl=/opt/local --disable-isl-version-check --with-cloog=/opt/local --disable-cloog-version-check --enable-stage1-checking --disable-multilib --enable-lto --enable-libstdcxx-time --with-build-config=bootstrap-debug --with-as=/opt/local/bin/as --with-ld=/opt/local/bin/ld --with-ar=/opt/local/bin/ar --with-bugurl=https://trac.macports.org/newticket --disable-tls --with-pkgversion='MacPorts gcc49 4.9.4_2' --with-build-config=bootstrap-debug
Thread model: posix
gcc version 4.9.4 (MacPorts gcc49 4.9.4_2) 
COMPILER_PATH=/opt/local/libexec/gcc/x86_64-apple-darwin16/4.9.4/:/opt/local/libexec/gcc/x86_64-apple-darwin16/4.9.4/:/opt/local/libexec/gcc/x86_64-apple-darwin16/:/opt/local/lib/gcc49/gcc/x86_64-apple-darwin16/4.9.4/:/opt/local/lib/gcc49/gcc/x86_64-apple-darwin16/
LIBRARY_PATH=/opt/local/lib/gcc49/gcc/x86_64-apple-darwin16/4.9.4/:/opt/local/lib/gcc49/gcc/x86_64-apple-darwin16/4.9.4/../../../:/usr/lib/
COLLECT_GCC_OPTIONS='-mmacosx-version-min=10.12.7' '-v' '-o' 'cmTC_9419f' '-mtune=core2'
 /opt/local/libexec/gcc/x86_64-apple-darwin16/4.9.4/collect2 -dynamic -arch x86_64 -macosx_version_min 10.12.7 -weak_reference_mismatches non-weak -o cmTC_9419f -L/opt/local/lib/gcc49/gcc/x86_64-apple-darwin16/4.9.4 -L/opt/local/lib/gcc49/gcc/x86_64-apple-darwin16/4.9.4/../../.. -search_paths_first -headerpad_max_install_names -v CMakeFiles/cmTC_9419f.dir/CMakeCCompilerABI.c.o -no_compact_unwind -lSystem -lgcc_ext.10.5 -lgcc -lSystem -v
collect2 version 4.9.4
/opt/local/bin/ld -dynamic -arch x86_64 -macosx_version_min 10.12.7 -weak_reference_mismatches non-weak -o cmTC_9419f -L/opt/local/lib/gcc49/gcc/x86_64-apple-darwin16/4.9.4 -L/opt/local/lib/gcc49/gcc/x86_64-apple-darwin16/4.9.4/../../.. -search_paths_first -headerpad_max_install_names -v CMakeFiles/cmTC_9419f.dir/CMakeCCompilerABI.c.o -no_compact_unwind -lSystem -lgcc_ext.10.5 -lgcc -lSystem -v
@(#)PROGRAM:ld  PROJECT:ld64-274.2
configured to support archs: i386 x86_64 x86_64h armv6 armv7 armv7s armv7m armv7k arm64 (tvOS)
@(#)PROGRAM:ld  PROJECT:ld64-274.2
configured to support archs: i386 x86_64 x86_64h armv6 armv7 armv7s armv7m armv7k arm64 (tvOS)
Library search paths:
	/opt/local/lib/gcc49/gcc/x86_64-apple-darwin16/4.9.4
	/opt/local/lib/gcc49
	/usr/lib
	/usr/local/lib
Framework search paths:
	/Library/Frameworks/
	/System/Library/Frameworks/
 /opt/local/bin/nm -n CMakeFiles/cmTC_9419f.dir/CMakeCCompilerABI.c.o


Parsed C implicit link information from above output:
  link line regex: [^( *|.*[/\])(ld|CMAKE_LINK_STARTFILE-NOTFOUND|([^/\]+-)?ld|collect2)[^/\]*( |$)]
  ignore line: [Change Dir: /Users/jbobin/Documents/Python/LENA_DEVL/Toolbox/pyWrappers/MacWrappers/pystarlet_manifold/build/BoostNumpy-prefix/src/BoostNumpy-build/CMakeFiles/CMakeTmp]
  ignore line: []
  ignore line: [Run Build Command:"/usr/bin/make" "cmTC_9419f/fast"]
  ignore line: [/Applications/Xcode.app/Contents/Developer/usr/bin/make -f CMakeFiles/cmTC_9419f.dir/build.make CMakeFiles/cmTC_9419f.dir/build]
  ignore line: [Building C object CMakeFiles/cmTC_9419f.dir/CMakeCCompilerABI.c.o]
  ignore line: [/opt/local/bin/gcc    -o CMakeFiles/cmTC_9419f.dir/CMakeCCompilerABI.c.o   -c /opt/local/share/cmake-3.9/Modules/CMakeCCompilerABI.c]
  ignore line: [Linking C executable cmTC_9419f]
  ignore line: [/opt/local/bin/cmake -E cmake_link_script CMakeFiles/cmTC_9419f.dir/link.txt --verbose=1]
  ignore line: [/opt/local/bin/gcc   -Wl,-search_paths_first -Wl,-headerpad_max_install_names  -v -Wl,-v CMakeFiles/cmTC_9419f.dir/CMakeCCompilerABI.c.o  -o cmTC_9419f ]
  ignore line: [Using built-in specs.]
  ignore line: [COLLECT_GCC=/opt/local/bin/gcc]
  ignore line: [COLLECT_LTO_WRAPPER=/opt/local/libexec/gcc/x86_64-apple-darwin16/4.9.4/lto-wrapper]
  ignore line: [Target: x86_64-apple-darwin16]
  ignore line: [Configured with: /opt/local/var/macports/build/_opt_bblocal_var_buildworker_ports_build_ports_lang_gcc49/gcc49/work/gcc-4.9.4/configure --prefix=/opt/local --build=x86_64-apple-darwin16 --enable-languages=c,c++,objc,obj-c++,lto,fortran,java --libdir=/opt/local/lib/gcc49 --includedir=/opt/local/include/gcc49 --infodir=/opt/local/share/info --mandir=/opt/local/share/man --datarootdir=/opt/local/share/gcc-4.9 --with-local-prefix=/opt/local --with-system-zlib --disable-nls --program-suffix=-mp-4.9 --with-gxx-include-dir=/opt/local/include/gcc49/c++/ --with-gmp=/opt/local --with-mpfr=/opt/local --with-mpc=/opt/local --with-isl=/opt/local --disable-isl-version-check --with-cloog=/opt/local --disable-cloog-version-check --enable-stage1-checking --disable-multilib --enable-lto --enable-libstdcxx-time --with-build-config=bootstrap-debug --with-as=/opt/local/bin/as --with-ld=/opt/local/bin/ld --with-ar=/opt/local/bin/ar --with-bugurl=https://trac.macports.org/newticket --disable-tls --with-pkgversion='MacPorts gcc49 4.9.4_2' --with-build-config=bootstrap-debug]
  ignore line: [Thread model: posix]
  ignore line: [gcc version 4.9.4 (MacPorts gcc49 4.9.4_2) ]
  ignore line: [COMPILER_PATH=/opt/local/libexec/gcc/x86_64-apple-darwin16/4.9.4/:/opt/local/libexec/gcc/x86_64-apple-darwin16/4.9.4/:/opt/local/libexec/gcc/x86_64-apple-darwin16/:/opt/local/lib/gcc49/gcc/x86_64-apple-darwin16/4.9.4/:/opt/local/lib/gcc49/gcc/x86_64-apple-darwin16/]
  ignore line: [LIBRARY_PATH=/opt/local/lib/gcc49/gcc/x86_64-apple-darwin16/4.9.4/:/opt/local/lib/gcc49/gcc/x86_64-apple-darwin16/4.9.4/../../../:/usr/lib/]
  ignore line: [COLLECT_GCC_OPTIONS='-mmacosx-version-min=10.12.7' '-v' '-o' 'cmTC_9419f' '-mtune=core2']
  link line: [ /opt/local/libexec/gcc/x86_64-apple-darwin16/4.9.4/collect2 -dynamic -arch x86_64 -macosx_version_min 10.12.7 -weak_reference_mismatches non-weak -o cmTC_9419f -L/opt/local/lib/gcc49/gcc/x86_64-apple-darwin16/4.9.4 -L/opt/local/lib/gcc49/gcc/x86_64-apple-darwin16/4.9.4/../../.. -search_paths_first -headerpad_max_install_names -v CMakeFiles/cmTC_9419f.dir/CMakeCCompilerABI.c.o -no_compact_unwind -lSystem -lgcc_ext.10.5 -lgcc -lSystem -v]
    arg [/opt/local/libexec/gcc/x86_64-apple-darwin16/4.9.4/collect2] ==> ignore
    arg [-dynamic] ==> ignore
    arg [-arch] ==> ignore
    arg [x86_64] ==> ignore
    arg [-macosx_version_min] ==> ignore
    arg [10.12.7] ==> ignore
    arg [-weak_reference_mismatches] ==> ignore
    arg [non-weak] ==> ignore
    arg [-o] ==> ignore
    arg [cmTC_9419f] ==> ignore
    arg [-L/opt/local/lib/gcc49/gcc/x86_64-apple-darwin16/4.9.4] ==> dir [/opt/local/lib/gcc49/gcc/x86_64-apple-darwin16/4.9.4]
    arg [-L/opt/local/lib/gcc49/gcc/x86_64-apple-darwin16/4.9.4/../../..] ==> dir [/opt/local/lib/gcc49/gcc/x86_64-apple-darwin16/4.9.4/../../..]
    arg [-search_paths_first] ==> ignore
    arg [-headerpad_max_install_names] ==> ignore
    arg [-v] ==> ignore
    arg [CMakeFiles/cmTC_9419f.dir/CMakeCCompilerABI.c.o] ==> ignore
    arg [-no_compact_unwind] ==> ignore
    arg [-lSystem] ==> lib [System]
    arg [-lgcc_ext.10.5] ==> lib [gcc_ext.10.5]
    arg [-lgcc] ==> lib [gcc]
    arg [-lSystem] ==> lib [System]
    arg [-v] ==> ignore
  Library search paths: [;/opt/local/lib/gcc49/gcc/x86_64-apple-darwin16/4.9.4;/opt/local/lib/gcc49;/usr/lib;/usr/local/lib]
  Framework search paths: [;/Library/Frameworks/;/System/Library/Frameworks/]
  remove lib [System]
  remove lib [System]
  collapse library dir [/opt/local/lib/gcc49/gcc/x86_64-apple-darwin16/4.9.4] ==> [/opt/local/lib/gcc49/gcc/x86_64-apple-darwin16/4.9.4]
  collapse library dir [/opt/local/lib/gcc49/gcc/x86_64-apple-darwin16/4.9.4/../../..] ==> [/opt/local/lib/gcc49]
  collapse library dir [/opt/local/lib/gcc49/gcc/x86_64-apple-darwin16/4.9.4] ==> [/opt/local/lib/gcc49/gcc/x86_64-apple-darwin16/4.9.4]
  collapse library dir [/opt/local/lib/gcc49] ==> [/opt/local/lib/gcc49]
  collapse library dir [/usr/lib] ==> [/usr/lib]
  collapse library dir [/usr/local/lib] ==> [/usr/local/lib]
  collapse framework dir [/Library/Frameworks/] ==> [/Library/Frameworks]
  collapse framework dir [/System/Library/Frameworks/] ==> [/System/Library/Frameworks]
  implicit libs: [gcc_ext.10.5;gcc]
  implicit dirs: [/opt/local/lib/gcc49/gcc/x86_64-apple-darwin16/4.9.4;/opt/local/lib/gcc49;/usr/lib;/usr/local/lib]
  implicit fwks: [/Library/Frameworks;/System/Library/Frameworks]




Detecting C [-std=c11] compiler features compiled with the following output:
Change Dir: /Users/jbobin/Documents/Python/LENA_DEVL/Toolbox/pyWrappers/MacWrappers/pystarlet_manifold/build/BoostNumpy-prefix/src/BoostNumpy-build/CMakeFiles/CMakeTmp

Run Build Command:"/usr/bin/make" "cmTC_ddbf2/fast"
/Applications/Xcode.app/Contents/Developer/usr/bin/make -f CMakeFiles/cmTC_ddbf2.dir/build.make CMakeFiles/cmTC_ddbf2.dir/build
Building C object CMakeFiles/cmTC_ddbf2.dir/feature_tests.c.o
/opt/local/bin/gcc   -std=c11 -o CMakeFiles/cmTC_ddbf2.dir/feature_tests.c.o   -c /Users/jbobin/Documents/Python/LENA_DEVL/Toolbox/pyWrappers/MacWrappers/pystarlet_manifold/build/BoostNumpy-prefix/src/BoostNumpy-build/CMakeFiles/feature_tests.c
Linking C executable cmTC_ddbf2
/opt/local/bin/cmake -E cmake_link_script CMakeFiles/cmTC_ddbf2.dir/link.txt --verbose=1
/opt/local/bin/gcc   -Wl,-search_paths_first -Wl,-headerpad_max_install_names   CMakeFiles/cmTC_ddbf2.dir/feature_tests.c.o  -o cmTC_ddbf2 


    Feature record: C_FEATURE:1c_function_prototypes
    Feature record: C_FEATURE:1c_restrict
    Feature record: C_FEATURE:1c_static_assert
    Feature record: C_FEATURE:1c_variadic_macros


Detecting C [-std=c99] compiler features compiled with the following output:
Change Dir: /Users/jbobin/Documents/Python/LENA_DEVL/Toolbox/pyWrappers/MacWrappers/pystarlet_manifold/build/BoostNumpy-prefix/src/BoostNumpy-build/CMakeFiles/CMakeTmp

Run Build Command:"/usr/bin/make" "cmTC_6b786/fast"
/Applications/Xcode.app/Contents/Developer/usr/bin/make -f CMakeFiles/cmTC_6b786.dir/build.make CMakeFiles/cmTC_6b786.dir/build
Building C object CMakeFiles/cmTC_6b786.dir/feature_tests.c.o
/opt/local/bin/gcc   -std=c99 -o CMakeFiles/cmTC_6b786.dir/feature_tests.c.o   -c /Users/jbobin/Documents/Python/LENA_DEVL/Toolbox/pyWrappers/MacWrappers/pystarlet_manifold/build/BoostNumpy-prefix/src/BoostNumpy-build/CMakeFiles/feature_tests.c
Linking C executable cmTC_6b786
/opt/local/bin/cmake -E cmake_link_script CMakeFiles/cmTC_6b786.dir/link.txt --verbose=1
/opt/local/bin/gcc   -Wl,-search_paths_first -Wl,-headerpad_max_install_names   CMakeFiles/cmTC_6b786.dir/feature_tests.c.o  -o cmTC_6b786 


    Feature record: C_FEATURE:1c_function_prototypes
    Feature record: C_FEATURE:1c_restrict
    Feature record: C_FEATURE:0c_static_assert
    Feature record: C_FEATURE:1c_variadic_macros


Detecting C [-std=c90] compiler features compiled with the following output:
Change Dir: /Users/jbobin/Documents/Python/LENA_DEVL/Toolbox/pyWrappers/MacWrappers/pystarlet_manifold/build/BoostNumpy-prefix/src/BoostNumpy-build/CMakeFiles/CMakeTmp

Run Build Command:"/usr/bin/make" "cmTC_4fde6/fast"
/Applications/Xcode.app/Contents/Developer/usr/bin/make -f CMakeFiles/cmTC_4fde6.dir/build.make CMakeFiles/cmTC_4fde6.dir/build
Building C object CMakeFiles/cmTC_4fde6.dir/feature_tests.c.o
/opt/local/bin/gcc   -std=c90 -o CMakeFiles/cmTC_4fde6.dir/feature_tests.c.o   -c /Users/jbobin/Documents/Python/LENA_DEVL/Toolbox/pyWrappers/MacWrappers/pystarlet_manifold/build/BoostNumpy-prefix/src/BoostNumpy-build/CMakeFiles/feature_tests.c
Linking C executable cmTC_4fde6
/opt/local/bin/cmake -E cmake_link_script CMakeFiles/cmTC_4fde6.dir/link.txt --verbose=1
/opt/local/bin/gcc   -Wl,-search_paths_first -Wl,-headerpad_max_install_names   CMakeFiles/cmTC_4fde6.dir/feature_tests.c.o  -o cmTC_4fde6 


    Feature record: C_FEATURE:1c_function_prototypes
    Feature record: C_FEATURE:0c_restrict
    Feature record: C_FEATURE:0c_static_assert
    Feature record: C_FEATURE:0c_variadic_macros
Determining if the CXX compiler works passed with the following output:
Change Dir: /Users/jbobin/Documents/Python/LENA_DEVL/Toolbox/pyWrappers/MacWrappers/pystarlet_manifold/build/BoostNumpy-prefix/src/BoostNumpy-build/CMakeFiles/CMakeTmp

Run Build Command:"/usr/bin/make" "cmTC_6687b/fast"
/Applications/Xcode.app/Contents/Developer/usr/bin/make -f CMakeFiles/cmTC_6687b.dir/build.make CMakeFiles/cmTC_6687b.dir/build
Building CXX object CMakeFiles/cmTC_6687b.dir/testCXXCompiler.cxx.o
/opt/local/bin/g++     -o CMakeFiles/cmTC_6687b.dir/testCXXCompiler.cxx.o -c /Users/jbobin/Documents/Python/LENA_DEVL/Toolbox/pyWrappers/MacWrappers/pystarlet_manifold/build/BoostNumpy-prefix/src/BoostNumpy-build/CMakeFiles/CMakeTmp/testCXXCompiler.cxx
Linking CXX executable cmTC_6687b
/opt/local/bin/cmake -E cmake_link_script CMakeFiles/cmTC_6687b.dir/link.txt --verbose=1
/opt/local/bin/g++    -Wl,-search_paths_first -Wl,-headerpad_max_install_names   CMakeFiles/cmTC_6687b.dir/testCXXCompiler.cxx.o  -o cmTC_6687b 


Detecting CXX compiler ABI info compiled with the following output:
Change Dir: /Users/jbobin/Documents/Python/LENA_DEVL/Toolbox/pyWrappers/MacWrappers/pystarlet_manifold/build/BoostNumpy-prefix/src/BoostNumpy-build/CMakeFiles/CMakeTmp

Run Build Command:"/usr/bin/make" "cmTC_63287/fast"
/Applications/Xcode.app/Contents/Developer/usr/bin/make -f CMakeFiles/cmTC_63287.dir/build.make CMakeFiles/cmTC_63287.dir/build
Building CXX object CMakeFiles/cmTC_63287.dir/CMakeCXXCompilerABI.cpp.o
/opt/local/bin/g++     -o CMakeFiles/cmTC_63287.dir/CMakeCXXCompilerABI.cpp.o -c /opt/local/share/cmake-3.9/Modules/CMakeCXXCompilerABI.cpp
Linking CXX executable cmTC_63287
/opt/local/bin/cmake -E cmake_link_script CMakeFiles/cmTC_63287.dir/link.txt --verbose=1
/opt/local/bin/g++    -Wl,-search_paths_first -Wl,-headerpad_max_install_names  -v -Wl,-v CMakeFiles/cmTC_63287.dir/CMakeCXXCompilerABI.cpp.o  -o cmTC_63287 
Using built-in specs.
COLLECT_GCC=/opt/local/bin/g++
COLLECT_LTO_WRAPPER=/opt/local/libexec/gcc/x86_64-apple-darwin16/4.9.4/lto-wrapper
Target: x86_64-apple-darwin16
Configured with: /opt/local/var/macports/build/_opt_bblocal_var_buildworker_ports_build_ports_lang_gcc49/gcc49/work/gcc-4.9.4/configure --prefix=/opt/local --build=x86_64-apple-darwin16 --enable-languages=c,c++,objc,obj-c++,lto,fortran,java --libdir=/opt/local/lib/gcc49 --includedir=/opt/local/include/gcc49 --infodir=/opt/local/share/info --mandir=/opt/local/share/man --datarootdir=/opt/local/share/gcc-4.9 --with-local-prefix=/opt/local --with-system-zlib --disable-nls --program-suffix=-mp-4.9 --with-gxx-include-dir=/opt/local/include/gcc49/c++/ --with-gmp=/opt/local --with-mpfr=/opt/local --with-mpc=/opt/local --with-isl=/opt/local --disable-isl-version-check --with-cloog=/opt/local --disable-cloog-version-check --enable-stage1-checking --disable-multilib --enable-lto --enable-libstdcxx-time --with-build-config=bootstrap-debug --with-as=/opt/local/bin/as --with-ld=/opt/local/bin/ld --with-ar=/opt/local/bin/ar --with-bugurl=https://trac.macports.org/newticket --disable-tls --with-pkgversion='MacPorts gcc49 4.9.4_2' --with-build-config=bootstrap-debug
Thread model: posix
gcc version 4.9.4 (MacPorts gcc49 4.9.4_2) 
COMPILER_PATH=/opt/local/libexec/gcc/x86_64-apple-darwin16/4.9.4/:/opt/local/libexec/gcc/x86_64-apple-darwin16/4.9.4/:/opt/local/libexec/gcc/x86_64-apple-darwin16/:/opt/local/lib/gcc49/gcc/x86_64-apple-darwin16/4.9.4/:/opt/local/lib/gcc49/gcc/x86_64-apple-darwin16/
LIBRARY_PATH=/opt/local/lib/gcc49/gcc/x86_64-apple-darwin16/4.9.4/:/opt/local/lib/gcc49/gcc/x86_64-apple-darwin16/4.9.4/../../../:/usr/lib/
COLLECT_GCC_OPTIONS='-mmacosx-version-min=10.12.7' '-v' '-o' 'cmTC_63287' '-shared-libgcc' '-mtune=core2'
 /opt/local/libexec/gcc/x86_64-apple-darwin16/4.9.4/collect2 -dynamic -arch x86_64 -macosx_version_min 10.12.7 -weak_reference_mismatches non-weak -o cmTC_63287 -L/opt/local/lib/gcc49/gcc/x86_64-apple-darwin16/4.9.4 -L/opt/local/lib/gcc49/gcc/x86_64-apple-darwin16/4.9.4/../../.. -search_paths_first -headerpad_max_install_names -v CMakeFiles/cmTC_63287.dir/CMakeCXXCompilerABI.cpp.o -lstdc++ -no_compact_unwind -lSystem -lgcc_ext.10.5 -lgcc -lSystem -v
collect2 version 4.9.4
/opt/local/bin/ld -dynamic -arch x86_64 -macosx_version_min 10.12.7 -weak_reference_mismatches non-weak -o cmTC_63287 -L/opt/local/lib/gcc49/gcc/x86_64-apple-darwin16/4.9.4 -L/opt/local/lib/gcc49/gcc/x86_64-apple-darwin16/4.9.4/../../.. -search_paths_first -headerpad_max_install_names -v CMakeFiles/cmTC_63287.dir/CMakeCXXCompilerABI.cpp.o -lstdc++ -no_compact_unwind -lSystem -lgcc_ext.10.5 -lgcc -lSystem -v
@(#)PROGRAM:ld  PROJECT:ld64-274.2
configured to support archs: i386 x86_64 x86_64h armv6 armv7 armv7s armv7m armv7k arm64 (tvOS)
@(#)PROGRAM:ld  PROJECT:ld64-274.2
configured to support archs: i386 x86_64 x86_64h armv6 armv7 armv7s armv7m armv7k arm64 (tvOS)
Library search paths:
	/opt/local/lib/gcc49/gcc/x86_64-apple-darwin16/4.9.4
	/opt/local/lib/gcc49
	/usr/lib
	/usr/local/lib
Framework search paths:
	/Library/Frameworks/
	/System/Library/Frameworks/
 /opt/local/bin/nm -n CMakeFiles/cmTC_63287.dir/CMakeCXXCompilerABI.cpp.o


Parsed CXX implicit link information from above output:
  link line regex: [^( *|.*[/\])(ld|CMAKE_LINK_STARTFILE-NOTFOUND|([^/\]+-)?ld|collect2)[^/\]*( |$)]
  ignore line: [Change Dir: /Users/jbobin/Documents/Python/LENA_DEVL/Toolbox/pyWrappers/MacWrappers/pystarlet_manifold/build/BoostNumpy-prefix/src/BoostNumpy-build/CMakeFiles/CMakeTmp]
  ignore line: []
  ignore line: [Run Build Command:"/usr/bin/make" "cmTC_63287/fast"]
  ignore line: [/Applications/Xcode.app/Contents/Developer/usr/bin/make -f CMakeFiles/cmTC_63287.dir/build.make CMakeFiles/cmTC_63287.dir/build]
  ignore line: [Building CXX object CMakeFiles/cmTC_63287.dir/CMakeCXXCompilerABI.cpp.o]
  ignore line: [/opt/local/bin/g++     -o CMakeFiles/cmTC_63287.dir/CMakeCXXCompilerABI.cpp.o -c /opt/local/share/cmake-3.9/Modules/CMakeCXXCompilerABI.cpp]
  ignore line: [Linking CXX executable cmTC_63287]
  ignore line: [/opt/local/bin/cmake -E cmake_link_script CMakeFiles/cmTC_63287.dir/link.txt --verbose=1]
  ignore line: [/opt/local/bin/g++    -Wl,-search_paths_first -Wl,-headerpad_max_install_names  -v -Wl,-v CMakeFiles/cmTC_63287.dir/CMakeCXXCompilerABI.cpp.o  -o cmTC_63287 ]
  ignore line: [Using built-in specs.]
  ignore line: [COLLECT_GCC=/opt/local/bin/g++]
  ignore line: [COLLECT_LTO_WRAPPER=/opt/local/libexec/gcc/x86_64-apple-darwin16/4.9.4/lto-wrapper]
  ignore line: [Target: x86_64-apple-darwin16]
  ignore line: [Configured with: /opt/local/var/macports/build/_opt_bblocal_var_buildworker_ports_build_ports_lang_gcc49/gcc49/work/gcc-4.9.4/configure --prefix=/opt/local --build=x86_64-apple-darwin16 --enable-languages=c,c++,objc,obj-c++,lto,fortran,java --libdir=/opt/local/lib/gcc49 --includedir=/opt/local/include/gcc49 --infodir=/opt/local/share/info --mandir=/opt/local/share/man --datarootdir=/opt/local/share/gcc-4.9 --with-local-prefix=/opt/local --with-system-zlib --disable-nls --program-suffix=-mp-4.9 --with-gxx-include-dir=/opt/local/include/gcc49/c++/ --with-gmp=/opt/local --with-mpfr=/opt/local --with-mpc=/opt/local --with-isl=/opt/local --disable-isl-version-check --with-cloog=/opt/local --disable-cloog-version-check --enable-stage1-checking --disable-multilib --enable-lto --enable-libstdcxx-time --with-build-config=bootstrap-debug --with-as=/opt/local/bin/as --with-ld=/opt/local/bin/ld --with-ar=/opt/local/bin/ar --with-bugurl=https://trac.macports.org/newticket --disable-tls --with-pkgversion='MacPorts gcc49 4.9.4_2' --with-build-config=bootstrap-debug]
  ignore line: [Thread model: posix]
  ignore line: [gcc version 4.9.4 (MacPorts gcc49 4.9.4_2) ]
  ignore line: [COMPILER_PATH=/opt/local/libexec/gcc/x86_64-apple-darwin16/4.9.4/:/opt/local/libexec/gcc/x86_64-apple-darwin16/4.9.4/:/opt/local/libexec/gcc/x86_64-apple-darwin16/:/opt/local/lib/gcc49/gcc/x86_64-apple-darwin16/4.9.4/:/opt/local/lib/gcc49/gcc/x86_64-apple-darwin16/]
  ignore line: [LIBRARY_PATH=/opt/local/lib/gcc49/gcc/x86_64-apple-darwin16/4.9.4/:/opt/local/lib/gcc49/gcc/x86_64-apple-darwin16/4.9.4/../../../:/usr/lib/]
  ignore line: [COLLECT_GCC_OPTIONS='-mmacosx-version-min=10.12.7' '-v' '-o' 'cmTC_63287' '-shared-libgcc' '-mtune=core2']
  link line: [ /opt/local/libexec/gcc/x86_64-apple-darwin16/4.9.4/collect2 -dynamic -arch x86_64 -macosx_version_min 10.12.7 -weak_reference_mismatches non-weak -o cmTC_63287 -L/opt/local/lib/gcc49/gcc/x86_64-apple-darwin16/4.9.4 -L/opt/local/lib/gcc49/gcc/x86_64-apple-darwin16/4.9.4/../../.. -search_paths_first -headerpad_max_install_names -v CMakeFiles/cmTC_63287.dir/CMakeCXXCompilerABI.cpp.o -lstdc++ -no_compact_unwind -lSystem -lgcc_ext.10.5 -lgcc -lSystem -v]
    arg [/opt/local/libexec/gcc/x86_64-apple-darwin16/4.9.4/collect2] ==> ignore
    arg [-dynamic] ==> ignore
    arg [-arch] ==> ignore
    arg [x86_64] ==> ignore
    arg [-macosx_version_min] ==> ignore
    arg [10.12.7] ==> ignore
    arg [-weak_reference_mismatches] ==> ignore
    arg [non-weak] ==> ignore
    arg [-o] ==> ignore
    arg [cmTC_63287] ==> ignore
    arg [-L/opt/local/lib/gcc49/gcc/x86_64-apple-darwin16/4.9.4] ==> dir [/opt/local/lib/gcc49/gcc/x86_64-apple-darwin16/4.9.4]
    arg [-L/opt/local/lib/gcc49/gcc/x86_64-apple-darwin16/4.9.4/../../..] ==> dir [/opt/local/lib/gcc49/gcc/x86_64-apple-darwin16/4.9.4/../../..]
    arg [-search_paths_first] ==> ignore
    arg [-headerpad_max_install_names] ==> ignore
    arg [-v] ==> ignore
    arg [CMakeFiles/cmTC_63287.dir/CMakeCXXCompilerABI.cpp.o] ==> ignore
    arg [-lstdc++] ==> lib [stdc++]
    arg [-no_compact_unwind] ==> ignore
    arg [-lSystem] ==> lib [System]
    arg [-lgcc_ext.10.5] ==> lib [gcc_ext.10.5]
    arg [-lgcc] ==> lib [gcc]
    arg [-lSystem] ==> lib [System]
    arg [-v] ==> ignore
  Library search paths: [;/opt/local/lib/gcc49/gcc/x86_64-apple-darwin16/4.9.4;/opt/local/lib/gcc49;/usr/lib;/usr/local/lib]
  Framework search paths: [;/Library/Frameworks/;/System/Library/Frameworks/]
  remove lib [System]
  remove lib [System]
  collapse library dir [/opt/local/lib/gcc49/gcc/x86_64-apple-darwin16/4.9.4] ==> [/opt/local/lib/gcc49/gcc/x86_64-apple-darwin16/4.9.4]
  collapse library dir [/opt/local/lib/gcc49/gcc/x86_64-apple-darwin16/4.9.4/../../..] ==> [/opt/local/lib/gcc49]
  collapse library dir [/opt/local/lib/gcc49/gcc/x86_64-apple-darwin16/4.9.4] ==> [/opt/local/lib/gcc49/gcc/x86_64-apple-darwin16/4.9.4]
  collapse library dir [/opt/local/lib/gcc49] ==> [/opt/local/lib/gcc49]
  collapse library dir [/usr/lib] ==> [/usr/lib]
  collapse library dir [/usr/local/lib] ==> [/usr/local/lib]
  collapse framework dir [/Library/Frameworks/] ==> [/Library/Frameworks]
  collapse framework dir [/System/Library/Frameworks/] ==> [/System/Library/Frameworks]
  implicit libs: [stdc++;gcc_ext.10.5;gcc]
  implicit dirs: [/opt/local/lib/gcc49/gcc/x86_64-apple-darwin16/4.9.4;/opt/local/lib/gcc49;/usr/lib;/usr/local/lib]
  implicit fwks: [/Library/Frameworks;/System/Library/Frameworks]




Detecting CXX [-std=c++14] compiler features compiled with the following output:
Change Dir: /Users/jbobin/Documents/Python/LENA_DEVL/Toolbox/pyWrappers/MacWrappers/pystarlet_manifold/build/BoostNumpy-prefix/src/BoostNumpy-build/CMakeFiles/CMakeTmp

Run Build Command:"/usr/bin/make" "cmTC_4d50e/fast"
/Applications/Xcode.app/Contents/Developer/usr/bin/make -f CMakeFiles/cmTC_4d50e.dir/build.make CMakeFiles/cmTC_4d50e.dir/build
Building CXX object CMakeFiles/cmTC_4d50e.dir/feature_tests.cxx.o
/opt/local/bin/g++    -std=c++14 -o CMakeFiles/cmTC_4d50e.dir/feature_tests.cxx.o -c /Users/jbobin/Documents/Python/LENA_DEVL/Toolbox/pyWrappers/MacWrappers/pystarlet_manifold/build/BoostNumpy-prefix/src/BoostNumpy-build/CMakeFiles/feature_tests.cxx
Linking CXX executable cmTC_4d50e
/opt/local/bin/cmake -E cmake_link_script CMakeFiles/cmTC_4d50e.dir/link.txt --verbose=1
/opt/local/bin/g++    -Wl,-search_paths_first -Wl,-headerpad_max_install_names   CMakeFiles/cmTC_4d50e.dir/feature_tests.cxx.o  -o cmTC_4d50e 


    Feature record: CXX_FEATURE:0cxx_aggregate_default_initializers
    Feature record: CXX_FEATURE:1cxx_alias_templates
    Feature record: CXX_FEATURE:1cxx_alignas
    Feature record: CXX_FEATURE:1cxx_alignof
    Feature record: CXX_FEATURE:1cxx_attributes
    Feature record: CXX_FEATURE:1cxx_attribute_deprecated
    Feature record: CXX_FEATURE:1cxx_auto_type
    Feature record: CXX_FEATURE:1cxx_binary_literals
    Feature record: CXX_FEATURE:1cxx_constexpr
    Feature record: CXX_FEATURE:1cxx_contextual_conversions
    Feature record: CXX_FEATURE:1cxx_decltype
    Feature record: CXX_FEATURE:1cxx_decltype_auto
    Feature record: CXX_FEATURE:1cxx_decltype_incomplete_return_types
    Feature record: CXX_FEATURE:1cxx_default_function_template_args
    Feature record: CXX_FEATURE:1cxx_defaulted_functions
    Feature record: CXX_FEATURE:1cxx_defaulted_move_initializers
    Feature record: CXX_FEATURE:1cxx_delegating_constructors
    Feature record: CXX_FEATURE:1cxx_deleted_functions
    Feature record: CXX_FEATURE:1cxx_digit_separators
    Feature record: CXX_FEATURE:1cxx_enum_forward_declarations
    Feature record: CXX_FEATURE:1cxx_explicit_conversions
    Feature record: CXX_FEATURE:1cxx_extended_friend_declarations
    Feature record: CXX_FEATURE:1cxx_extern_templates
    Feature record: CXX_FEATURE:1cxx_final
    Feature record: CXX_FEATURE:1cxx_func_identifier
    Feature record: CXX_FEATURE:1cxx_generalized_initializers
    Feature record: CXX_FEATURE:1cxx_generic_lambdas
    Feature record: CXX_FEATURE:1cxx_inheriting_constructors
    Feature record: CXX_FEATURE:1cxx_inline_namespaces
    Feature record: CXX_FEATURE:1cxx_lambdas
    Feature record: CXX_FEATURE:1cxx_lambda_init_captures
    Feature record: CXX_FEATURE:1cxx_local_type_template_args
    Feature record: CXX_FEATURE:1cxx_long_long_type
    Feature record: CXX_FEATURE:1cxx_noexcept
    Feature record: CXX_FEATURE:1cxx_nonstatic_member_init
    Feature record: CXX_FEATURE:1cxx_nullptr
    Feature record: CXX_FEATURE:1cxx_override
    Feature record: CXX_FEATURE:1cxx_range_for
    Feature record: CXX_FEATURE:1cxx_raw_string_literals
    Feature record: CXX_FEATURE:1cxx_reference_qualified_functions
    Feature record: CXX_FEATURE:0cxx_relaxed_constexpr
    Feature record: CXX_FEATURE:1cxx_return_type_deduction
    Feature record: CXX_FEATURE:1cxx_right_angle_brackets
    Feature record: CXX_FEATURE:1cxx_rvalue_references
    Feature record: CXX_FEATURE:1cxx_sizeof_member
    Feature record: CXX_FEATURE:1cxx_static_assert
    Feature record: CXX_FEATURE:1cxx_strong_enums
    Feature record: CXX_FEATURE:1cxx_template_template_parameters
    Feature record: CXX_FEATURE:1cxx_thread_local
    Feature record: CXX_FEATURE:1cxx_trailing_return_types
    Feature record: CXX_FEATURE:1cxx_unicode_literals
    Feature record: CXX_FEATURE:1cxx_uniform_initialization
    Feature record: CXX_FEATURE:1cxx_unrestricted_unions
    Feature record: CXX_FEATURE:1cxx_user_literals
    Feature record: CXX_FEATURE:0cxx_variable_templates
    Feature record: CXX_FEATURE:1cxx_variadic_macros
    Feature record: CXX_FEATURE:1cxx_variadic_templates


Detecting CXX [-std=c++11] compiler features compiled with the following output:
Change Dir: /Users/jbobin/Documents/Python/LENA_DEVL/Toolbox/pyWrappers/MacWrappers/pystarlet_manifold/build/BoostNumpy-prefix/src/BoostNumpy-build/CMakeFiles/CMakeTmp

Run Build Command:"/usr/bin/make" "cmTC_03e0a/fast"
/Applications/Xcode.app/Contents/Developer/usr/bin/make -f CMakeFiles/cmTC_03e0a.dir/build.make CMakeFiles/cmTC_03e0a.dir/build
Building CXX object CMakeFiles/cmTC_03e0a.dir/feature_tests.cxx.o
/opt/local/bin/g++    -std=c++11 -o CMakeFiles/cmTC_03e0a.dir/feature_tests.cxx.o -c /Users/jbobin/Documents/Python/LENA_DEVL/Toolbox/pyWrappers/MacWrappers/pystarlet_manifold/build/BoostNumpy-prefix/src/BoostNumpy-build/CMakeFiles/feature_tests.cxx
Linking CXX executable cmTC_03e0a
/opt/local/bin/cmake -E cmake_link_script CMakeFiles/cmTC_03e0a.dir/link.txt --verbose=1
/opt/local/bin/g++    -Wl,-search_paths_first -Wl,-headerpad_max_install_names   CMakeFiles/cmTC_03e0a.dir/feature_tests.cxx.o  -o cmTC_03e0a 


    Feature record: CXX_FEATURE:0cxx_aggregate_default_initializers
    Feature record: CXX_FEATURE:1cxx_alias_templates
    Feature record: CXX_FEATURE:1cxx_alignas
    Feature record: CXX_FEATURE:1cxx_alignof
    Feature record: CXX_FEATURE:1cxx_attributes
    Feature record: CXX_FEATURE:0cxx_attribute_deprecated
    Feature record: CXX_FEATURE:1cxx_auto_type
    Feature record: CXX_FEATURE:0cxx_binary_literals
    Feature record: CXX_FEATURE:1cxx_constexpr
    Feature record: CXX_FEATURE:0cxx_contextual_conversions
    Feature record: CXX_FEATURE:1cxx_decltype
    Feature record: CXX_FEATURE:0cxx_decltype_auto
    Feature record: CXX_FEATURE:1cxx_decltype_incomplete_return_types
    Feature record: CXX_FEATURE:1cxx_default_function_template_args
    Feature record: CXX_FEATURE:1cxx_defaulted_functions
    Feature record: CXX_FEATURE:1cxx_defaulted_move_initializers
    Feature record: CXX_FEATURE:1cxx_delegating_constructors
    Feature record: CXX_FEATURE:1cxx_deleted_functions
    Feature record: CXX_FEATURE:0cxx_digit_separators
    Feature record: CXX_FEATURE:1cxx_enum_forward_declarations
    Feature record: CXX_FEATURE:1cxx_explicit_conversions
    Feature record: CXX_FEATURE:1cxx_extended_friend_declarations
    Feature record: CXX_FEATURE:1cxx_extern_templates
    Feature record: CXX_FEATURE:1cxx_final
    Feature record: CXX_FEATURE:1cxx_func_identifier
    Feature record: CXX_FEATURE:1cxx_generalized_initializers
    Feature record: CXX_FEATURE:0cxx_generic_lambdas
    Feature record: CXX_FEATURE:1cxx_inheriting_constructors
    Feature record: CXX_FEATURE:1cxx_inline_namespaces
    Feature record: CXX_FEATURE:1cxx_lambdas
    Feature record: CXX_FEATURE:0cxx_lambda_init_captures
    Feature record: CXX_FEATURE:1cxx_local_type_template_args
    Feature record: CXX_FEATURE:1cxx_long_long_type
    Feature record: CXX_FEATURE:1cxx_noexcept
    Feature record: CXX_FEATURE:1cxx_nonstatic_member_init
    Feature record: CXX_FEATURE:1cxx_nullptr
    Feature record: CXX_FEATURE:1cxx_override
    Feature record: CXX_FEATURE:1cxx_range_for
    Feature record: CXX_FEATURE:1cxx_raw_string_literals
    Feature record: CXX_FEATURE:1cxx_reference_qualified_functions
    Feature record: CXX_FEATURE:0cxx_relaxed_constexpr
    Feature record: CXX_FEATURE:0cxx_return_type_deduction
    Feature record: CXX_FEATURE:1cxx_right_angle_brackets
    Feature record: CXX_FEATURE:1cxx_rvalue_references
    Feature record: CXX_FEATURE:1cxx_sizeof_member
    Feature record: CXX_FEATURE:1cxx_static_assert
    Feature record: CXX_FEATURE:1cxx_strong_enums
    Feature record: CXX_FEATURE:1cxx_template_template_parameters
    Feature record: CXX_FEATURE:1cxx_thread_local
    Feature record: CXX_FEATURE:1cxx_trailing_return_types
    Feature record: CXX_FEATURE:1cxx_unicode_literals
    Feature record: CXX_FEATURE:1cxx_uniform_initialization
    Feature record: CXX_FEATURE:1cxx_unrestricted_unions
    Feature record: CXX_FEATURE:1cxx_user_literals
    Feature record: CXX_FEATURE:0cxx_variable_templates
    Feature record: CXX_FEATURE:1cxx_variadic_macros
    Feature record: CXX_FEATURE:1cxx_variadic_templates


Detecting CXX [-std=c++98] compiler features compiled with the following output:
Change Dir: /Users/jbobin/Documents/Python/LENA_DEVL/Toolbox/pyWrappers/MacWrappers/pystarlet_manifold/build/BoostNumpy-prefix/src/BoostNumpy-build/CMakeFiles/CMakeTmp

Run Build Command:"/usr/bin/make" "cmTC_1f7df/fast"
/Applications/Xcode.app/Contents/Developer/usr/bin/make -f CMakeFiles/cmTC_1f7df.dir/build.make CMakeFiles/cmTC_1f7df.dir/build
Building CXX object CMakeFiles/cmTC_1f7df.dir/feature_tests.cxx.o
/opt/local/bin/g++    -std=c++98 -o CMakeFiles/cmTC_1f7df.dir/feature_tests.cxx.o -c /Users/jbobin/Documents/Python/LENA_DEVL/Toolbox/pyWrappers/MacWrappers/pystarlet_manifold/build/BoostNumpy-prefix/src/BoostNumpy-build/CMakeFiles/feature_tests.cxx
Linking CXX executable cmTC_1f7df
/opt/local/bin/cmake -E cmake_link_script CMakeFiles/cmTC_1f7df.dir/link.txt --verbose=1
/opt/local/bin/g++    -Wl,-search_paths_first -Wl,-headerpad_max_install_names   CMakeFiles/cmTC_1f7df.dir/feature_tests.cxx.o  -o cmTC_1f7df 


    Feature record: CXX_FEATURE:0cxx_aggregate_default_initializers
    Feature record: CXX_FEATURE:0cxx_alias_templates
    Feature record: CXX_FEATURE:0cxx_alignas
    Feature record: CXX_FEATURE:0cxx_alignof
    Feature record: CXX_FEATURE:0cxx_attributes
    Feature record: CXX_FEATURE:0cxx_attribute_deprecated
    Feature record: CXX_FEATURE:0cxx_auto_type
    Feature record: CXX_FEATURE:0cxx_binary_literals
    Feature record: CXX_FEATURE:0cxx_constexpr
    Feature record: CXX_FEATURE:0cxx_contextual_conversions
    Feature record: CXX_FEATURE:0cxx_decltype
    Feature record: CXX_FEATURE:0cxx_decltype_auto
    Feature record: CXX_FEATURE:0cxx_decltype_incomplete_return_types
    Feature record: CXX_FEATURE:0cxx_default_function_template_args
    Feature record: CXX_FEATURE:0cxx_defaulted_functions
    Feature record: CXX_FEATURE:0cxx_defaulted_move_initializers
    Feature record: CXX_FEATURE:0cxx_delegating_constructors
    Feature record: CXX_FEATURE:0cxx_deleted_functions
    Feature record: CXX_FEATURE:0cxx_digit_separators
    Feature record: CXX_FEATURE:0cxx_enum_forward_declarations
    Feature record: CXX_FEATURE:0cxx_explicit_conversions
    Feature record: CXX_FEATURE:0cxx_extended_friend_declarations
    Feature record: CXX_FEATURE:0cxx_extern_templates
    Feature record: CXX_FEATURE:0cxx_final
    Feature record: CXX_FEATURE:0cxx_func_identifier
    Feature record: CXX_FEATURE:0cxx_generalized_initializers
    Feature record: CXX_FEATURE:0cxx_generic_lambdas
    Feature record: CXX_FEATURE:0cxx_inheriting_constructors
    Feature record: CXX_FEATURE:0cxx_inline_namespaces
    Feature record: CXX_FEATURE:0cxx_lambdas
    Feature record: CXX_FEATURE:0cxx_lambda_init_captures
    Feature record: CXX_FEATURE:0cxx_local_type_template_args
    Feature record: CXX_FEATURE:0cxx_long_long_type
    Feature record: CXX_FEATURE:0cxx_noexcept
    Feature record: CXX_FEATURE:0cxx_nonstatic_member_init
    Feature record: CXX_FEATURE:0cxx_nullptr
    Feature record: CXX_FEATURE:0cxx_override
    Feature record: CXX_FEATURE:0cxx_range_for
    Feature record: CXX_FEATURE:0cxx_raw_string_literals
    Feature record: CXX_FEATURE:0cxx_reference_qualified_functions
    Feature record: CXX_FEATURE:0cxx_relaxed_constexpr
    Feature record: CXX_FEATURE:0cxx_return_type_deduction
    Feature record: CXX_FEATURE:0cxx_right_angle_brackets
    Feature record: CXX_FEATURE:0cxx_rvalue_references
    Feature record: CXX_FEATURE:0cxx_sizeof_member
    Feature record: CXX_FEATURE:0cxx_static_assert
    Feature record: CXX_FEATURE:0cxx_strong_enums
    Feature record: CXX_FEATURE:1cxx_template_template_parameters
    Feature record: CXX_FEATURE:0cxx_thread_local
    Feature record: CXX_FEATURE:0cxx_trailing_return_types
    Feature record: CXX_FEATURE:0cxx_unicode_literals
    Feature record: CXX_FEATURE:0cxx_uniform_initialization
    Feature record: CXX_FEATURE:0cxx_unrestricted_unions
    Feature record: CXX_FEATURE:0cxx_user_literals
    Feature record: CXX_FEATURE:0cxx_variable_templates
    Feature record: CXX_FEATURE:0cxx_variadic_macros
    Feature record: CXX_FEATURE:0cxx_variadic_templates
